--------------------------------------------------------------------------------
Release 14.1 Trace  (lin64)
Copyright (c) 1995-2012 Xilinx, Inc.  All rights reserved.

/var/Xilinx/14.1/ISE_DS/ISE/bin/lin64/unwrapped/trce -intstyle ise -v 3 -s 4 -n
3 -fastpaths -xml top.twx top.ncd -o top.twr top.pcf -ucf piny_spartan.ucf

Design file:              top.ncd
Physical constraint file: top.pcf
Device,package,speed:     xc3s250e,cp132,-4 (PRODUCTION 1.27 2012-04-23)
Report level:             verbose report

Environment Variable      Effect 
--------------------      ------ 
NONE                      No environment variables were set
--------------------------------------------------------------------------------

INFO:Timing:2698 - No timing constraints found, doing default enumeration.
INFO:Timing:3412 - To improve timing, see the Timing Closure User Guide (UG612).
INFO:Timing:2752 - To get complete path coverage, use the unconstrained paths 
   option. All paths that are not constrained will be reported in the 
   unconstrained paths section(s) of the report.
INFO:Timing:3339 - The clock-to-out numbers in this timing report are based on 
   a 50 Ohm transmission line loading model.  For the details of this model, 
   and for more information on accounting for different loading conditions, 
   please see the device datasheet.
INFO:Timing:3390 - This architecture does not support a default System Jitter 
   value, please add SYSTEM_JITTER constraint to the UCF to modify the Clock 
   Uncertainty calculation.
INFO:Timing:3389 - This architecture does not support 'Discrete Jitter' and 
   'Phase Error' calculations, these terms will be zero in the Clock 
   Uncertainty calculation.  Please make appropriate modification to 
   SYSTEM_JITTER to account for the unsupported Discrete Jitter and Phase 
   Error.



Data Sheet report:
-----------------
All values displayed in nanoseconds (ns)

Setup/Hold to clock mclk
------------+------------+------------+------------------+--------+
            |Max Setup to|Max Hold to |                  | Clock  |
Source      | clk (edge) | clk (edge) |Internal Clock(s) | Phase  |
------------+------------+------------+------------------+--------+
btn0        |    0.777(R)|    0.565(R)|mclk_BUFGP        |   0.000|
btn1        |    0.765(R)|    0.574(R)|mclk_BUFGP        |   0.000|
btn2        |    0.657(R)|    0.673(R)|mclk_BUFGP        |   0.000|
btn3        |    0.717(R)|    0.619(R)|mclk_BUFGP        |   0.000|
sw0         |    2.071(R)|   -0.299(R)|mclk_BUFGP        |   0.000|
------------+------------+------------+------------------+--------+

Clock mclk to Pad
------------+------------+------------------+--------+
            | clk (edge) |                  | Clock  |
Destination |   to PAD   |Internal Clock(s) | Phase  |
------------+------------+------------------+--------+
seg<0>      |   10.947(R)|mclk_BUFGP        |   0.000|
seg<2>      |   10.021(R)|mclk_BUFGP        |   0.000|
seg<3>      |   10.506(R)|mclk_BUFGP        |   0.000|
seg<4>      |    8.551(R)|mclk_BUFGP        |   0.000|
seg<5>      |    9.315(R)|mclk_BUFGP        |   0.000|
seg<6>      |    8.705(R)|mclk_BUFGP        |   0.000|
------------+------------+------------------+--------+

Clock to Setup on destination clock mclk
---------------+---------+---------+---------+---------+
               | Src:Rise| Src:Fall| Src:Rise| Src:Fall|
Source Clock   |Dest:Rise|Dest:Rise|Dest:Fall|Dest:Fall|
---------------+---------+---------+---------+---------+
mclk           |    5.044|         |         |         |
---------------+---------+---------+---------+---------+


Analysis completed Tue Mar  5 10:52:44 2024 
--------------------------------------------------------------------------------

Trace Settings:
-------------------------
Trace Settings 

Peak Memory Usage: 340 MB



